  Page 1                                    Mon Aug 10 13:54:05 2009

  ******************************************************************
  *                           E P A N E T                          *
  *                   Hydraulic and Water Quality                  *
  *                   Analysis for Pipe Networks                   *
  *                         Version 2.00.12                        *
  ******************************************************************
  
  EPANET Example Network 2 
   
      Input Data File ................... Net2-CL2/net2-cl2.inp
      Number of Junctions................ 35
      Number of Reservoirs............... 0
      Number of Tanks ................... 1
      Number of Pipes ................... 40
      Number of Pumps ................... 0
      Number of Valves .................. 0
      Headloss Formula .................. Hazen-Williams
      Hydraulic Timestep ................ 1.00 hrs
      Hydraulic Accuracy ................ 0.001000
      Status Check Frequency ............ 2
      Maximum Trials Checked ............ 10
      Damping Limit Threshold ........... 0.000000
      Maximum Trials .................... 40
      Quality Analysis .................. Chlorine
      Water Quality Time Step ........... 5.00 min
      Water Quality Tolerance ........... 0.01 mg/L
      Specific Gravity .................. 1.00
      Relative Kinematic Viscosity ...... 1.00
      Relative Chemical Diffusivity ..... 1.00
      Demand Multiplier ................. 1.00
      Total Duration .................... 55.00 hrs
      Reporting Criteria:
         No Nodes
         No Links
   
  Analysis begun Mon Aug 10 13:54:05 2009

  Processing MSX input file Net2-CL2/net2-cl2.msx
  
  
Page 1                                               EPANET-MSX 1.1
  
  ******************************************************************
  *                      E P A N E T  -  M S X                     *
  *                   Multi-Species Water Quality                  *
  *                   Analysis for Pipe  Networks                  *
  *                           Version 1.1                          *
  ******************************************************************
  
  NET2 Chlorine Example

  
  <<< Node 2 >>>
  
  Time            CL2
  hr:min         MG/L
  -------  ----------
     0:00        0.50
     1:00        0.76
     2:00        0.76
     3:00        0.76
     4:00        0.76
     5:00        0.76
     6:00        0.76
     7:00        0.73
     8:00        0.70
     9:00        0.67
    10:00        0.64
    11:00        0.59
    12:00        0.52
    13:00        0.75
    14:00        0.76
    15:00        0.76
    16:00        0.76
    17:00        0.76
    18:00        0.70
    19:00        0.68
    20:00        0.65
    21:00        0.62
    22:00        0.59
    23:00        0.56
    24:00        0.50
    25:00        0.73
    26:00        0.76
    27:00        0.76
    28:00        0.76
    29:00        0.76
    30:00        0.75
    31:00        0.75
    32:00        0.71
    33:00        0.68
    34:00        0.65
    35:00        0.60
    36:00        0.57
    37:00        0.54
    38:00        0.74
    39:00        0.76
    40:00        0.76
    41:00        0.76
    42:00        0.76
    43:00        0.70
    44:00        0.68
    45:00        0.63
    46:00        0.60
    47:00        0.57
    48:00        0.53
    49:00        0.50
    50:00        0.75
    51:00        0.76
    52:00        0.76
    53:00        0.76
    54:00        0.76
    55:00        0.76
  
  <<< Node 20 >>>
  
  Time            CL2
  hr:min         MG/L
  -------  ----------
     0:00        0.50
     1:00        0.46
     2:00        0.42
     3:00        0.38
     4:00        0.33
     5:00        0.46
     6:00        0.46
     7:00        0.49
     8:00        0.48
     9:00        0.46
    10:00        0.40
    11:00        0.10
    12:00        0.11
    13:00        0.10
    14:00        0.09
    15:00        0.08
    16:00        0.42
    17:00        0.46
    18:00        0.45
    19:00        0.43
    20:00        0.45
    21:00        0.41
    22:00        0.10
    23:00        0.11
    24:00        0.10
    25:00        0.09
    26:00        0.10
    27:00        0.07
    28:00        0.23
    29:00        0.42
    30:00        0.45
    31:00        0.46
    32:00        0.47
    33:00        0.46
    34:00        0.16
    35:00        0.12
    36:00        0.12
    37:00        0.11
    38:00        0.12
    39:00        0.11
    40:00        0.10
    41:00        0.07
    42:00        0.25
    43:00        0.42
    44:00        0.44
    45:00        0.47
    46:00        0.16
    47:00        0.13
    48:00        0.13
    49:00        0.12
    50:00        0.12
    51:00        0.10
    52:00        0.09
    53:00        0.24
    54:00        0.44
    55:00        0.44
  
  <<< Node 23 >>>
  
  Time            CL2
  hr:min         MG/L
  -------  ----------
     0:00        0.50
     1:00        0.43
     2:00        0.37
     3:00        0.53
     4:00        0.52
     5:00        0.53
     6:00        0.53
     7:00        0.51
     8:00        0.12
     9:00        0.12
    10:00        0.13
    11:00        0.13
    12:00        0.12
    13:00        0.10
    14:00        0.45
    15:00        0.52
    16:00        0.50
    17:00        0.53
    18:00        0.15
    19:00        0.13
    20:00        0.14
    21:00        0.14
    22:00        0.14
    23:00        0.13
    24:00        0.14
    25:00        0.12
    26:00        0.27
    27:00        0.51
    28:00        0.49
    29:00        0.50
    30:00        0.52
    31:00        0.52
    32:00        0.15
    33:00        0.15
    34:00        0.15
    35:00        0.14
    36:00        0.15
    37:00        0.14
    38:00        0.11
    39:00        0.35
    40:00        0.49
    41:00        0.50
    42:00        0.53
    43:00        0.52
    44:00        0.16
    45:00        0.16
    46:00        0.16
    47:00        0.16
    48:00        0.15
    49:00        0.15
    50:00        0.11
    51:00        0.29
    52:00        0.51
    53:00        0.50
    54:00        0.51
    55:00        0.51
  
  <<< Node 26 >>>
  
  Time            CL2
  hr:min         MG/L
  -------  ----------
     0:00        0.10
     1:00        0.11
     2:00        0.11
     3:00        0.12
     4:00        0.13
     5:00        0.13
     6:00        0.14
     7:00        0.14
     8:00        0.14
     9:00        0.13
    10:00        0.13
    11:00        0.13
    12:00        0.13
    13:00        0.13
    14:00        0.13
    15:00        0.13
    16:00        0.14
    17:00        0.15
    18:00        0.15
    19:00        0.15
    20:00        0.15
    21:00        0.15
    22:00        0.14
    23:00        0.14
    24:00        0.14
    25:00        0.14
    26:00        0.14
    27:00        0.14
    28:00        0.15
    29:00        0.15
    30:00        0.16
    31:00        0.16
    32:00        0.16
    33:00        0.16
    34:00        0.16
    35:00        0.15
    36:00        0.15
    37:00        0.15
    38:00        0.15
    39:00        0.15
    40:00        0.16
    41:00        0.16
    42:00        0.17
    43:00        0.17
    44:00        0.17
    45:00        0.17
    46:00        0.16
    47:00        0.16
    48:00        0.16
    49:00        0.16
    50:00        0.16
    51:00        0.15
    52:00        0.16
    53:00        0.17
    54:00        0.17
    55:00        0.18
  
  Analysis ended Mon Aug 10 13:54:05 2009
