  Page 1                                    Mon Aug 10 13:54:06 2009

  ******************************************************************
  *                           E P A N E T                          *
  *                   Hydraulic and Water Quality                  *
  *                   Analysis for Pipe Networks                   *
  *                         Version 2.00.12                        *
  ******************************************************************
  
  Analysis begun Mon Aug 10 13:54:06 2009

  Processing MSX input file Net3-Bio/net3-bio.msx
  
  
Page 1                                               EPANET-MSX 1.1
  
  ******************************************************************
  *                      E P A N E T  -  M S X                     *
  *                   Multi-Species Water Quality                  *
  *                   Analysis for Pipe  Networks                  *
  *                           Version 1.1                          *
  ******************************************************************
  
  Two-Source Biofilm Model

  
  
  
  Average Values           CL2           S          Nb
  for Node                MG/L        MG/L    log(N)/L
  ----------------  ----------  ----------  ----------
  10                      1.17        1.00        4.00
  15                      0.45        0.39        3.24
  20                      0.49        0.37        3.68
  35                      0.69        0.43        4.78
  40                      0.18        0.42        5.69
  50                      0.04        0.20        6.04
  60                      1.19        0.40        4.00
  601                     1.15        0.40        3.90
  61                      1.19        0.40        3.99
  101                     0.62        0.78        3.85
  103                     0.51        0.81        3.77
  105                     0.60        0.76        3.86
  107                     0.44        0.82        3.77
  109                     0.41        0.85        3.84
  111                     0.52        0.75        3.87
  113                     0.42        0.77        3.82
  115                     0.53        0.73        3.85
  117                     0.57        0.73        3.86
  119                     0.92        0.42        3.77
  120                     0.66        0.62        3.82
  121                     0.95        0.40        3.77
  123                     1.00        0.40        3.79
  125                     0.67        0.38        3.68
  127                     0.52        0.37        3.67
  129                     0.46        0.37        3.51
  131                     0.12        0.37        1.22
  139                     0.45        0.37        3.48
  141                     0.44        0.38        3.40
  143                     0.48        0.39        3.25
  145                     0.56        0.40        3.30
  147                     0.66        0.42        3.34
  149                     0.69        0.42        3.38
  151                     0.66        0.41        3.53
  153                     0.65        0.38        3.58
  157                     0.90        0.42        3.75
  159                     0.88        0.42        3.74
  161                     0.87        0.42        3.73
  163                     0.86        0.42        3.72
  164                     0.49        0.43        2.78
  166                     0.10        0.43        1.32
  167                     0.82        0.43        3.69
  169                     0.84        0.43        3.71
  171                     0.83        0.43        3.70
  173                     0.82        0.43        3.70
  177                     0.31        0.52        5.28
  179                     0.24        0.58        5.17
  181                     0.69        0.43        4.69
  183                     0.35        0.69        4.13
  184                     0.30        0.74        4.26
  185                     0.31        0.74        4.22
  187                     0.34        0.78        3.92
  189                     0.44        0.72        3.84
  191                     0.36        0.79        3.96
  193                     0.44        0.74        3.83
  195                     0.51        0.69        3.83
  197                     0.36        0.79        3.83
  199                     0.80        0.43        3.67
  201                     0.79        0.43        3.68
  203                     0.79        0.43        3.67
  204                     0.33        0.78        3.92
  205                     0.27        0.75        4.66
  206                     0.32        0.69        4.64
  207                     0.33        0.69        4.64
  208                     0.30        0.69        4.64
  209                     0.29        0.70        4.64
  211                     0.25        0.71        4.68
  213                     0.22        0.70        5.28
  215                     0.13        0.17        6.69
  217                     0.10        0.15        6.43
  219                     0.07        0.12        5.80
  225                     0.07        0.12        5.76
  229                     0.16        0.44        6.64
  231                     0.05        0.13        5.49
  237                     0.19        0.70        5.38
  239                     0.16        0.66        5.87
  241                     0.15        0.42        6.46
  243                     0.00        0.08        1.91
  247                     0.14        0.30        6.68
  249                     0.15        0.38        6.60
  251                     0.07        0.20        6.50
  253                     0.05        0.19        6.41
  255                     0.08        0.23        6.39
  257                     0.55        0.71        3.83
  259                     0.56        0.72        3.84
  261                     0.57        0.74        3.85
  263                     0.58        0.74        3.85
  265                     0.85        0.43        3.72
  267                     0.42        0.74        3.83
  269                     0.73        0.50        3.72
  271                     0.80        0.44        3.68
  273                     0.67        0.48        3.83
  275                     0.61        0.48        3.77
  4                       1.20        0.40        0.00
  5                       1.20        1.00        0.00
  1                       0.01        0.17        6.97
  2                       0.01        0.20        5.90
  3                       0.09        0.34        3.76
  
  
  
  Average Values           CL2           S          Nb          Na
  for Link                MG/L        MG/L    log(N)/L  log(N)/FT2
  ----------------  ----------  ----------  ----------  ----------
  20                      0.40        0.37        3.69        6.79
  40                      0.14        0.31        6.02       10.24
  50                      0.04        0.20        5.92        9.66
  60                      1.20        0.40        0.00        5.15
  101                     0.54        1.00        3.76        5.44
  103                     0.58        0.80        3.82        5.31
  105                     0.63        0.77        3.86        5.06
  107                     0.51        0.79        3.79        5.38
  109                     0.33        0.94        3.77        5.64
  111                     0.50        0.77        3.86        5.15
  112                     0.51        0.72        3.84        5.47
  113                     0.42        0.79        3.82        5.42
  114                     0.49        0.74        3.84        5.22
  115                     0.39        0.85        3.78        5.25
  116                     0.39        0.78        3.81        5.36
  117                     0.60        0.75        3.86        5.15
  119                     0.52        0.72        3.83        5.45
  120                     0.66        0.62        3.82        5.06
  121                     0.63        0.66        3.84        5.22
  122                     0.94        0.40        3.75        4.84
  123                     0.95        0.40        3.77        5.22
  125                     1.00        0.40        3.79        5.21
  129                     0.70        0.38        3.68        5.46
  131                     0.63        0.38        3.68        5.50
  133                     0.51        0.37        3.67        5.40
  135                     0.49        0.37        3.60        5.79
  137                     0.29        0.37        2.25        4.48
  145                     0.44        0.37        3.49        4.86
  147                     0.44        0.37        3.47        4.85
  149                     0.47        0.39        3.29        4.50
  151                     0.47        0.39        3.25        4.48
  153                     0.52        0.39        3.29        4.93
  155                     0.61        0.41        3.31        4.87
  159                     0.67        0.42        3.36        4.89
  161                     0.69        0.42        3.42        4.63
  163                     0.61        0.38        3.53        5.18
  169                     0.66        0.38        3.64        4.93
  171                     0.76        0.42        3.58        5.03
  173                     0.91        0.42        3.76        5.23
  175                     0.89        0.42        3.75        5.22
  177                     0.88        0.42        3.73        5.21
  179                     0.87        0.42        3.73        5.20
  180                     0.66        0.42        3.24        4.89
  181                     0.25        0.42        1.60        4.60
  183                     0.85        0.43        3.72        5.20
  185                     0.83        0.43        3.70        4.99
  186                     0.34        0.78        3.92        5.12
  187                     0.84        0.43        3.71        5.20
  189                     0.83        0.43        3.70        5.26
  191                     0.82        0.43        3.69        5.31
  193                     0.69        0.43        4.69        7.24
  195                     0.32        0.52        5.13        7.87
  197                     0.27        0.55        5.17        7.98
  199                     0.31        0.67        4.28        7.30
  201                     0.20        0.45        5.53        7.96
  202                     0.31        0.74        4.22        5.97
  203                     0.35        0.69        4.20        6.88
  204                     0.27        0.75        4.44        6.73
  205                     0.32        0.77        3.93        5.85
  207                     0.42        0.72        3.82        5.54
  209                     0.43        0.72        3.85        5.63
  211                     0.83        0.43        3.70        5.04
  213                     0.32        0.80        3.95        5.72
  215                     0.40        0.75        3.82        5.51
  217                     0.38        0.73        3.92        7.03
  219                     0.51        0.70        3.84        5.72
  221                     0.52        0.68        3.82        5.42
  223                     0.35        0.80        3.83        5.57
  225                     0.43        0.78        3.82        5.38
  229                     0.81        0.43        3.69        5.03
  231                     0.80        0.43        3.67        5.03
  233                     0.79        0.43        3.68        5.04
  235                     0.78        0.43        3.63        5.07
  237                     0.27        0.75        4.67        6.85
  238                     0.33        0.69        4.64        6.32
  239                     0.55        0.48        3.73        5.46
  240                     0.31        0.69        4.64        6.34
  241                     0.30        0.70        4.64        6.37
  243                     0.27        0.70        4.66        6.86
  245                     0.24        0.70        4.98        8.24
  247                     0.17        0.31        6.60        9.32
  249                     0.13        0.16        6.56        8.75
  251                     0.08        0.13        6.12        8.23
  257                     0.08        0.13        6.10        8.17
  261                     0.18        0.58        6.23        9.13
  263                     0.10        0.15        6.11        8.16
  269                     0.23        0.71        4.91        7.61
  271                     0.14        0.35        6.35        9.40
  273                     0.18        0.68        5.61        8.79
  275                     0.16        0.62        5.90       10.44
  277                     0.04        0.12        3.93        6.65
  281                     0.15        0.35        6.57        9.64
  283                     0.15        0.51        6.27        9.87
  285                     0.15        0.38        6.59       10.13
  287                     0.12        0.27        6.61        8.98
  289                     0.05        0.21        6.14        8.35
  291                     0.07        0.20        6.42        8.70
  293                     0.07        0.22        6.41        8.37
  295                     0.12        0.27        6.58        9.17
  297                     0.55        0.70        3.83        5.03
  299                     0.56        0.72        3.84        5.20
  301                     0.57        0.73        3.85        5.16
  303                     0.59        0.70        3.84        5.17
  305                     0.57        0.74        3.85        5.31
  307                     0.58        0.74        3.85        5.22
  309                     0.48        0.71        3.83        5.47
  311                     0.39        0.77        3.82        5.49
  313                     0.56        0.64        3.80        5.78
  315                     0.80        0.44        3.68        5.28
  317                     0.64        0.48        3.80        5.07
  319                     0.42        0.63        4.17        6.76
  321                     0.86        0.42        3.72        5.20
  323                     0.61        0.48        3.79        5.33
  325                     0.72        0.50        3.71        4.85
  329                     1.09        0.40        3.89        5.27
  330                     1.16        0.40        3.91        5.44
  333                     1.15        0.40        3.90        5.43
  10                      1.20        1.00        0.00        0.00
  335                     1.20        0.40        4.00        0.00
  
  Analysis ended Mon Aug 10 13:58:02 2009
